2023-04-03 02:57:12.490615 - Initialized conversion of CBT826
2023-04-03 02:57:12.868382 - Received SBGOLOB.CBT505.FILE826 from FILE826.XMI 
2023-04-03 02:57:12.871030 - Found $$$#DATE.txt (text/plain) in SBGOLOB.CBT505.FILE826, moved to FILE826/$$$#DATE
2023-04-03 02:57:12.872175 - Found $CAUTION.txt (text/plain) in SBGOLOB.CBT505.FILE826, moved to FILE826/$CAUTION
2023-04-03 02:57:12.873250 - Found $CNCLPGH.txt (text/plain) in SBGOLOB.CBT505.FILE826, moved to FILE826/$CNCLPGH
2023-04-03 02:57:12.874363 - Found $DESCR.txt (text/plain) in SBGOLOB.CBT505.FILE826, moved to FILE826/$DESCR
2023-04-03 02:57:12.875360 - Found $DISCLAM.txt (text/plain) in SBGOLOB.CBT505.FILE826, moved to FILE826/$DISCLAM
2023-04-03 02:57:12.876623 - Found $SUBCOMM.txt (text/plain) in SBGOLOB.CBT505.FILE826, moved to FILE826/$SUBCOMM
2023-04-03 02:57:12.877846 - Found $WHACKIT.txt (text/plain) in SBGOLOB.CBT505.FILE826, moved to FILE826/$WHACKIT
2023-04-03 02:57:12.879103 - Found #CNCNPG#.txt (text/plain) in SBGOLOB.CBT505.FILE826, moved to FILE826/#CNCNPG#
2023-04-03 02:57:12.880279 - Found @FILE826.txt (text/plain) in SBGOLOB.CBT505.FILE826, moved to FILE826/@FILE826
2023-04-03 02:57:12.881440 - Found CNCLPG.txt (text/plain) in SBGOLOB.CBT505.FILE826, moved to FILE826/CNCLPG
2023-04-03 02:57:12.882421 - Found CNCLPG$.jcl (text/plain) in SBGOLOB.CBT505.FILE826, moved to FILE826/CNCLPG$
2023-04-03 02:57:12.883592 - Found CNCLPG$$.jcl (text/plain) in SBGOLOB.CBT505.FILE826, moved to FILE826/CNCLPG$$
2023-04-03 02:57:12.884746 - Found CNCLPG10.txt (text/plain) in SBGOLOB.CBT505.FILE826, moved to FILE826/CNCLPG10
2023-04-03 02:57:12.885959 - Found CNCLPG11.txt (text/plain) in SBGOLOB.CBT505.FILE826, moved to FILE826/CNCLPG11
2023-04-03 02:57:12.887368 - Found CNCLPG20.txt (text/plain) in SBGOLOB.CBT505.FILE826, moved to FILE826/CNCLPG20
2023-04-03 02:57:12.888585 - Found CNCLPG27.txt (text/plain) in SBGOLOB.CBT505.FILE826, moved to FILE826/CNCLPG27
2023-04-03 02:57:12.889719 - Found CNCLPG28.txt (text/plain) in SBGOLOB.CBT505.FILE826, moved to FILE826/CNCLPG28
2023-04-03 02:57:12.890881 - Found CNCLP210.txt (text/plain) in SBGOLOB.CBT505.FILE826, moved to FILE826/CNCLP210
2023-04-03 02:57:13.051804 - Found LOADLIB.xmi (application/xmit) in SBGOLOB.CBT505.FILE826
2023-04-03 02:57:13.170766   - Received RECFM=U data, stored XMIT file as CBT826/LOADLIB.xmi
2023-04-03 02:57:13.171904 - Found TSO$.txt (text/plain) in SBGOLOB.CBT505.FILE826, moved to FILE826/TSO$
2023-04-03 02:57:13.173021 - Found TSOB.rexx (text/plain) in SBGOLOB.CBT505.FILE826, moved to FILE826/TSOB
2023-04-03 02:57:13.174112 - Found TSOE.rexx (text/plain) in SBGOLOB.CBT505.FILE826, moved to FILE826/TSOE
2023-04-03 02:57:13.175155 - Found TSOR.rexx (text/plain) in SBGOLOB.CBT505.FILE826, moved to FILE826/TSOR
2023-04-03 02:57:13.176297 - Found TSOV.rexx (text/plain) in SBGOLOB.CBT505.FILE826, moved to FILE826/TSOV
2023-04-03 02:57:13.177371 - Found WAITT.txt (text/plain) in SBGOLOB.CBT505.FILE826, moved to FILE826/WAITT
2023-04-03 02:57:13.178394 - Found WAITT$.jcl (text/plain) in SBGOLOB.CBT505.FILE826, moved to FILE826/WAITT$
2023-04-03 02:57:13.179463 - Found WAITT@.txt (text/plain) in SBGOLOB.CBT505.FILE826, moved to FILE826/WAITT@
